<?xml version="1.0" encoding="UTF-8"?>
<!-- Generated by org.testng.reporters.JUnitReportReporter -->
<testsuite hostname="Shama-Banu" failures="0" tests="1" name="practice.JDBCSample" time="1.225" errors="0" timestamp="2025-03-22T14:40:07 IST" skipped="0">
  <testcase classname="practice.JDBCSample" name="executeUpdateSample" time="1.225"/>
  <system-out/>
</testsuite> <!-- practice.JDBCSample -->
