<?xml version="1.0" encoding="UTF-8"?>
<!-- Generated by org.testng.reporters.JUnitReportReporter -->
<testsuite hostname="Shama-Banu" failures="0" tests="1" name="InventoryTests.AddProductToCartTest" time="3.110" errors="0" timestamp="2025-03-19T21:35:08 IST" skipped="0">
  <testcase classname="InventoryTests.AddProductToCartTest" name="tc_001_addProductToCart" time="3.110"/>
  <system-out/>
</testsuite> <!-- InventoryTests.AddProductToCartTest -->
