<?xml version="1.0" encoding="UTF-8"?>
<!-- Generated by org.testng.reporters.JUnitReportReporter -->
<testsuite hostname="Shama-Banu" failures="0" tests="1" name="practice.JDBCSample" time="3.600" errors="0" timestamp="2025-03-21T17:21:37 IST" skipped="0">
  <testcase classname="practice.JDBCSample" name="executeQuerySample" time="3.600"/>
  <system-out/>
</testsuite> <!-- practice.JDBCSample -->
