<?xml version="1.0" encoding="UTF-8"?>
<!-- Generated by org.testng.reporters.JUnitReportReporter -->
<testsuite hostname="Shama-Banu" failures="0" tests="1" name="InventoryTests.AddLowestPriceproductToTest" time="7.415" errors="0" timestamp="2025-03-19T21:40:04 IST" skipped="0">
  <testcase classname="InventoryTests.AddLowestPriceproductToTest" name="tc_002_addLowestPriceproductToCart" time="7.415"/>
  <system-out/>
</testsuite> <!-- InventoryTests.AddLowestPriceproductToTest -->
